{
  "RSpec": {
    "coverage": {
      "/Users/antonio/Documents/2019/lime/spec/application_spec.rb": [
        1,
        1,
        1,
        1,
        null,
        null,
        null
      ],
      "/Users/antonio/Documents/2019/lime/spec/rails_helper.rb": [
        null,
        1,
        1,
        1,
        null,
        null,
        1,
        null,
        1,
        1,
        null,
        1,
        1,
        null,
        null,
        null,
        null,
        null,
        null,
        null,
        null,
        null,
        null,
        null,
        null,
        null,
        null,
        null,
        null,
        null,
        null,
        null,
        null,
        1,
        null,
        0,
        0,
        null,
        1,
        null,
        1,
        null,
        null,
        1,
        null,
        null,
        null,
        null,
        1,
        null,
        null,
        null,
        null,
        null,
        null,
        null,
        null,
        null,
        null,
        null,
        null,
        null,
        null,
        1,
        null,
        null,
        1,
        null,
        null,
        null
      ],
      "/Users/antonio/Documents/2019/lime/spec/support/factory_girl.rb": [
        1,
        null,
        1,
        1,
        null,
        null,
        null,
        1,
        1,
        null,
        1,
        1,
        null,
        null
      ],
      "/Users/antonio/Documents/2019/lime/config/environment.rb": [
        null,
        1,
        null,
        1
      ],
      "/Users/antonio/Documents/2019/lime/config/application.rb": [
        1,
        null,
        1,
        null,
        1,
        1,
        1,
        1,
        1,
        1,
        1,
        1,
        1,
        null,
        null,
        null,
        null,
        1,
        null,
        1,
        1,
        null,
        1,
        null,
        null,
        null,
        null,
        null,
        null,
        null,
        1,
        1,
        null,
        null
      ],
      "/Users/antonio/Documents/2019/lime/config/boot.rb": [
        1,
        null,
        1,
        1
      ],
      "/Users/antonio/Documents/2019/lime/config/environments/test.rb": [
        1,
        null,
        null,
        null,
        null,
        null,
        null,
        1,
        null,
        null,
        null,
        null,
        1,
        null,
        null,
        1,
        1,
        null,
        null,
        null,
        null,
        1,
        1,
        null,
        null,
        1,
        null,
        null,
        1,
        null,
        null,
        1,
        null,
        1,
        null,
        null,
        null,
        null,
        1,
        null,
        null,
        1,
        null,
        null,
        null,
        null
      ],
      "/Users/antonio/Documents/2019/lime/config/initializers/application_controller_renderer.rb": [
        null,
        null,
        null,
        null,
        null,
        null,
        null,
        null
      ],
      "/Users/antonio/Documents/2019/lime/config/initializers/assets.rb": [
        null,
        null,
        null,
        1,
        null,
        null,
        null,
        null,
        1,
        null,
        null,
        null,
        null,
        null
      ],
      "/Users/antonio/Documents/2019/lime/config/initializers/backtrace_silencers.rb": [
        null,
        null,
        null,
        null,
        null,
        null,
        null
      ],
      "/Users/antonio/Documents/2019/lime/config/initializers/content_security_policy.rb": [
        null,
        null,
        null,
        null,
        null,
        null,
        null,
        null,
        null,
        null,
        null,
        null,
        null,
        null,
        null,
        null,
        null,
        null,
        null,
        null,
        null,
        null,
        null,
        null,
        null
      ],
      "/Users/antonio/Documents/2019/lime/config/initializers/cookies_serializer.rb": [
        null,
        null,
        null,
        null,
        1
      ],
      "/Users/antonio/Documents/2019/lime/config/initializers/devise.rb": [
        null,
        null,
        null,
        null,
        1,
        null,
        null,
        null,
        null,
        null,
        null,
        null,
        null,
        null,
        null,
        null,
        null,
        null,
        null,
        null,
        1,
        null,
        null,
        null,
        null,
        null,
        null,
        null,
        null,
        null,
        null,
        null,
        1,
        null,
        null,
        null,
        null,
        null,
        null,
        null,
        null,
        null,
        null,
        null,
        null,
        null,
        null,
        null,
        null,
        null,
        null,
        null,
        null,
        null,
        1,
        null,
        null,
        null,
        null,
        1,
        null,
        null,
        null,
        null,
        null,
        null,
        null,
        null,
        null,
        null,
        null,
        null,
        null,
        null,
        null,
        null,
        null,
        null,
        null,
        null,
        null,
        null,
        null,
        null,
        null,
        null,
        null,
        null,
        null,
        null,
        1,
        null,
        null,
        null,
        null,
        null,
        null,
        null,
        null,
        null,
        null,
        null,
        null,
        null,
        null,
        null,
        null,
        null,
        null,
        null,
        null,
        null,
        null,
        1,
        null,
        null,
        null,
        null,
        null,
        null,
        null,
        null,
        null,
        null,
        null,
        null,
        null,
        null,
        null,
        null,
        null,
        null,
        null,
        null,
        null,
        null,
        null,
        null,
        null,
        null,
        null,
        null,
        null,
        null,
        null,
        null,
        null,
        1,
        null,
        null,
        null,
        null,
        null,
        null,
        null,
        null,
        null,
        1,
        null,
        null,
        null,
        null,
        null,
        null,
        null,
        null,
        null,
        null,
        1,
        null,
        null,
        null,
        null,
        1,
        null,
        null,
        null,
        null,
        null,
        null,
        null,
        null,
        null,
        null,
        null,
        null,
        null,
        null,
        null,
        null,
        null,
        null,
        null,
        null,
        null,
        null,
        null,
        null,
        null,
        null,
        null,
        null,
        null,
        null,
        null,
        null,
        null,
        null,
        null,
        null,
        null,
        null,
        null,
        null,
        1,
        null,
        null,
        null,
        null,
        null,
        null,
        null,
        null,
        null,
        null,
        null,
        null,
        null,
        null,
        null,
        null,
        null,
        null,
        null,
        null,
        null,
        null,
        null,
        null,
        null,
        null,
        null,
        null,
        null,
        null,
        null,
        null,
        null,
        null,
        null,
        null,
        null,
        null,
        null,
        null,
        null,
        1,
        null,
        null,
        null,
        null,
        null,
        null,
        null,
        null,
        null,
        null,
        null,
        null,
        null,
        null,
        null,
        null,
        null,
        null,
        null,
        null,
        null,
        null,
        null,
        null,
        null,
        null,
        null,
        null,
        null,
        null,
        null,
        null,
        null,
        null,
        null,
        null,
        null,
        null,
        null,
        null,
        null,
        null
      ],
      "/Users/antonio/Documents/2019/lime/config/initializers/filter_parameter_logging.rb": [
        null,
        null,
        null,
        1
      ],
      "/Users/antonio/Documents/2019/lime/config/initializers/inflections.rb": [
        null,
        null,
        null,
        null,
        null,
        null,
        null,
        null,
        null,
        null,
        null,
        null,
        null,
        null,
        null,
        null,
        null,
        1,
        1,
        1,
        1,
        null
      ],
      "/Users/antonio/Documents/2019/lime/config/initializers/mime_types.rb": [
        null,
        null,
        null,
        null
      ],
      "/Users/antonio/Documents/2019/lime/config/initializers/wrap_parameters.rb": [
        null,
        null,
        null,
        null,
        null,
        null,
        1,
        2,
        null,
        null,
        null,
        null,
        null,
        null
      ],
      "/Users/antonio/Documents/2019/lime/config/routes.rb": [
        1,
        1,
        1,
        1,
        1,
        1,
        1,
        1,
        null,
        null
      ],
      "/Users/antonio/Documents/2019/lime/app/models/user.rb": [
        1,
        null,
        null,
        1,
        null,
        null
      ],
      "/Users/antonio/Documents/2019/lime/app/models/application_record.rb": [
        1,
        1,
        null
      ],
      "/Users/antonio/Documents/2019/lime/app/helpers/application_helper.rb": [
        1,
        null
      ],
      "/Users/antonio/Documents/2019/lime/app/helpers/faq_helper.rb": [
        1,
        null
      ],
      "/Users/antonio/Documents/2019/lime/app/helpers/welcome_helper.rb": [
        1,
        null
      ],
      "/Users/antonio/Documents/2019/lime/app/controllers/application_controller.rb": [
        1,
        null,
        1,
        null
      ],
      "/Users/antonio/Documents/2019/lime/spec/controller/resources_controller_spec.rb": [
        1,
        1,
        null,
        1,
        1,
        1,
        1,
        1,
        1,
        1,
        1,
        null,
        1,
        null,
        null,
        null,
        1,
        1,
        1,
        1,
        1,
        1,
        null,
        null,
        null,
        1,
        1,
        1,
        1,
        1,
        1,
        null,
        null,
        null,
        null,
        1,
        1,
        1,
        null,
        1,
        1,
        1,
        1,
        null,
        null,
        1,
        1,
        null,
        null,
        1,
        1,
        null,
        null,
        1,
        1,
        null,
        1,
        1,
        1,
        1,
        null,
        null,
        1,
        1,
        null,
        null,
        1,
        1,
        null,
        1,
        1,
        null,
        null,
        1,
        1,
        null,
        null,
        1,
        1,
        null,
        null,
        1,
        1,
        null,
        null,
        1,
        1,
        null,
        null,
        1,
        1,
        null,
        1,
        1,
        null,
        null,
        1,
        1,
        null,
        null,
        null,
        1,
        1,
        6,
        6,
        null,
        null,
        6,
        null,
        null,
        6,
        null,
        null,
        6,
        6,
        null,
        null,
        1,
        null,
        1,
        1,
        1,
        null,
        null,
        1,
        null,
        1,
        1,
        null,
        null,
        1,
        null,
        1,
        1,
        1,
        1,
        1,
        null,
        null,
        null,
        1,
        null,
        1,
        1,
        1,
        1,
        1,
        1,
        1,
        3,
        null,
        null,
        null,
        1,
        null,
        1,
        1,
        null,
        null,
        1,
        null,
        1,
        1,
        null,
        null,
        null,
        null
      ],
      "/Users/antonio/Documents/2019/lime/app/controllers/resources_controller.rb": [
        1,
        1,
        22,
        null,
        null,
        null,
        null,
        null,
        null,
        null,
        null,
        null,
        null,
        null,
        1,
        null,
        1,
        null,
        3,
        null,
        null,
        null,
        null,
        null,
        null,
        null,
        null,
        null,
        null,
        null,
        1,
        null,
        0,
        null,
        null,
        null,
        null,
        null,
        null,
        1,
        3,
        3,
        null,
        null,
        3,
        3,
        3,
        null,
        3,
        2,
        null,
        null,
        3,
        null,
        3,
        4,
        3,
        null,
        null,
        null,
        1,
        1,
        1,
        null,
        null,
        null,
        null,
        null,
        1,
        2,
        1,
        null,
        null,
        null,
        null,
        1,
        0,
        0,
        0,
        0,
        null,
        null,
        null,
        1,
        null,
        null,
        9,
        9,
        9,
        9,
        63,
        7,
        null,
        null,
        null,
        9,
        null,
        1,
        3,
        null,
        1,
        1,
        null,
        8,
        0,
        null,
        8,
        null,
        0,
        0,
        null,
        null,
        0,
        null,
        null,
        8,
        null,
        null,
        8,
        8,
        8,
        8,
        8,
        null,
        null,
        0,
        0,
        0,
        null,
        null,
        null,
        null,
        1,
        8,
        8,
        0,
        0,
        null,
        null,
        8,
        5,
        null,
        5,
        null,
        null,
        3,
        3,
        null,
        3,
        3,
        null,
        3,
        5,
        3,
        null,
        null,
        null,
        1,
        6,
        null,
        6,
        1,
        1,
        5,
        1,
        1,
        4,
        1,
        3,
        null,
        1,
        null,
        3,
        10,
        1,
        1,
        null,
        2,
        null,
        null,
        3,
        6,
        3,
        null,
        null,
        null,
        1,
        0,
        0,
        0,
        null,
        null,
        null,
        1,
        null,
        null,
        null,
        1,
        1,
        27,
        10,
        null,
        17,
        null,
        27,
        null,
        null,
        1,
        3,
        3,
        0,
        0,
        null,
        6,
        null,
        null,
        null,
        1,
        6,
        6,
        5,
        null,
        1,
        null,
        6,
        null,
        null,
        1,
        2,
        2,
        4,
        2,
        null,
        null,
        2,
        null,
        null
      ],
      "/Users/antonio/Documents/2019/lime/spec/model/resource_spec.rb": [
        1,
        1,
        null,
        1,
        1,
        1,
        1,
        1,
        null,
        1,
        null,
        1,
        null,
        1,
        1,
        1,
        null,
        null,
        null,
        1,
        1,
        4,
        4,
        null,
        null,
        4,
        null,
        null,
        4,
        null,
        null,
        4,
        null,
        null,
        4,
        4,
        null,
        null,
        1,
        1,
        null,
        1,
        1,
        null,
        null,
        1,
        1,
        null,
        1,
        null,
        1,
        1,
        null,
        null,
        1,
        1,
        null,
        1,
        1,
        1,
        1,
        1,
        null,
        null,
        1,
        1,
        null,
        1,
        1,
        1,
        1,
        1,
        null,
        null,
        null,
        1,
        1,
        8,
        8,
        null,
        null,
        8,
        null,
        null,
        8,
        null,
        null,
        8,
        null,
        null,
        8,
        null,
        null,
        8,
        8,
        null,
        8,
        8,
        8,
        8,
        8,
        8,
        8,
        null,
        null,
        null,
        1,
        null,
        null,
        0,
        null,
        0,
        0,
        0,
        null,
        null,
        1,
        0,
        0,
        null,
        null,
        1,
        0,
        0,
        0,
        null,
        null,
        1,
        0,
        0,
        0,
        0,
        0,
        0,
        0,
        null,
        null,
        1,
        0,
        0,
        0,
        null,
        null,
        1,
        0,
        0,
        0,
        0,
        0,
        0,
        0,
        0,
        null,
        null,
        1,
        0,
        0,
        null,
        null,
        1,
        0,
        0,
        0,
        null,
        null,
        null
      ],
      "/Users/antonio/Documents/2019/lime/spec/requests/resource_management_spec.rb": [
        1,
        1,
        null,
        1,
        null,
        1,
        1,
        1,
        1,
        null,
        1,
        null,
        1,
        null,
        1,
        null,
        null,
        1,
        null,
        null,
        null,
        null,
        null,
        null,
        null,
        null,
        null,
        null,
        1,
        1,
        1,
        null,
        null,
        null,
        1,
        1,
        3,
        3,
        null,
        null,
        1,
        1,
        0,
        0,
        null,
        0,
        0,
        0,
        0,
        0,
        0,
        0,
        0,
        null,
        null,
        1,
        1,
        0,
        0,
        0,
        null,
        null,
        1,
        1,
        0,
        0,
        0,
        0,
        0,
        0,
        0,
        0,
        0,
        0,
        null,
        null,
        null,
        1,
        1,
        4,
        4,
        null,
        null,
        1,
        1,
        0,
        0,
        null,
        0,
        0,
        0,
        0,
        0,
        null,
        null,
        0,
        0,
        0,
        0,
        0,
        0,
        0,
        null,
        null,
        0,
        0,
        0,
        0,
        0,
        null,
        null,
        0,
        0,
        0,
        0,
        0,
        0,
        0,
        null,
        null,
        0,
        0,
        0,
        0,
        0,
        null,
        null,
        1,
        1,
        0,
        0,
        0,
        null,
        null,
        1,
        null,
        1,
        1,
        0,
        0,
        null,
        null,
        0,
        0,
        0,
        0,
        0,
        0,
        0,
        0,
        0,
        null,
        null,
        0,
        0,
        0,
        0,
        0,
        0,
        null,
        null,
        1,
        null,
        1,
        0,
        0,
        0,
        null,
        null,
        0,
        0,
        0,
        null,
        null,
        null
      ],
      "/Users/antonio/Documents/2019/lime/app/models/resource.rb": [
        1,
        1,
        1,
        1,
        1,
        1,
        1,
        1,
        1,
        1,
        1,
        null,
        1,
        1,
        null,
        null,
        null,
        null,
        null,
        1,
        7,
        null,
        null,
        null,
        null,
        null,
        null,
        null,
        null,
        null,
        null,
        null,
        null,
        1,
        8,
        5,
        7,
        4,
        8,
        null,
        null,
        null,
        1,
        7865,
        null,
        null,
        1,
        96,
        null,
        null,
        null,
        null,
        null,
        null,
        null,
        1,
        12,
        null,
        null,
        null,
        6,
        6,
        6,
        null,
        1,
        3,
        null,
        0,
        0,
        null,
        1,
        null,
        null,
        null,
        null,
        null,
        6,
        5,
        null,
        1,
        1,
        null,
        null,
        null,
        1,
        1,
        1,
        4,
        4,
        null,
        4,
        4,
        null,
        null,
        4,
        2,
        null,
        null,
        null,
        1,
        null,
        null,
        1,
        3,
        null,
        8,
        3,
        1,
        null,
        null,
        3,
        0,
        null,
        null,
        3,
        null,
        null,
        1,
        null,
        3,
        null,
        9,
        null,
        null,
        1,
        9,
        9,
        null,
        null,
        1,
        92,
        92,
        92,
        92,
        null,
        null,
        1,
        0,
        0,
        0,
        0,
        null,
        null,
        1,
        800,
        92,
        92,
        708,
        185,
        null,
        523,
        null,
        null,
        92,
        null,
        null,
        1,
        92,
        92,
        920,
        920,
        185,
        482,
        null,
        null,
        null,
        null,
        null,
        null,
        null,
        null,
        1,
        3,
        3,
        null,
        3,
        3,
        3,
        null,
        null,
        0,
        0,
        null,
        0,
        0,
        0,
        null,
        0,
        null,
        null,
        1,
        9,
        null,
        null,
        null,
        null,
        null
      ],
      "/Users/antonio/Documents/2019/lime/app/models/type.rb": [
        1,
        1,
        null,
        1,
        3,
        null,
        null,
        null,
        null,
        null,
        null
      ],
      "/Users/antonio/Documents/2019/lime/app/models/audience.rb": [
        1,
        1,
        null,
        1,
        3,
        null,
        null,
        null,
        null,
        null,
        null,
        null
      ],
      "/Users/antonio/Documents/2019/lime/app/models/campus.rb": [
        1,
        1,
        null,
        1,
        3,
        null,
        null
      ],
      "/Users/antonio/Documents/2019/lime/app/models/client_tag.rb": [
        1,
        1,
        null,
        1,
        3,
        null,
        null
      ],
      "/Users/antonio/Documents/2019/lime/app/models/innovation_stage.rb": [
        1,
        1,
        null,
        1,
        3,
        null,
        null
      ],
      "/Users/antonio/Documents/2019/lime/app/models/population_focus.rb": [
        1,
        1,
        null,
        1,
        3,
        null,
        null,
        null
      ],
      "/Users/antonio/Documents/2019/lime/app/models/availability.rb": [
        1,
        1,
        null,
        1,
        3,
        null,
        null
      ],
      "/Users/antonio/Documents/2019/lime/app/models/topic.rb": [
        1,
        1,
        null,
        1,
        3,
        null,
        null,
        null,
        null,
        null,
        null
      ],
      "/Users/antonio/Documents/2019/lime/app/models/technology.rb": [
        1,
        1,
        null,
        1,
        3,
        null,
        null,
        null
      ],
      "/Users/antonio/Documents/2019/lime/app/models/college.rb": [
        1,
        1,
        null
      ],
      "/Users/antonio/Documents/2019/lime/app/models/location.rb": [
        1,
        null,
        1,
        1,
        1,
        1,
        null,
        1,
        16,
        null,
        null,
        null,
        null,
        null,
        null,
        16,
        16,
        16,
        96,
        96,
        null,
        null,
        null,
        1,
        null,
        null,
        48,
        32,
        16,
        8,
        null,
        null,
        null,
        16,
        16,
        null,
        null,
        1,
        null,
        0,
        null,
        0,
        0,
        0,
        0,
        0,
        0,
        null,
        0,
        0,
        0,
        0,
        null,
        null,
        null,
        null,
        null,
        1,
        0,
        null,
        0,
        null,
        null,
        0,
        0,
        0,
        0,
        null,
        null,
        null,
        null,
        null,
        1,
        0,
        0,
        null,
        null,
        0,
        0,
        0,
        0,
        0,
        0,
        0,
        0,
        null,
        null,
        0,
        null,
        null,
        1,
        112,
        null,
        null,
        1,
        0,
        null,
        null
      ],
      "/Users/antonio/Documents/2019/lime/app/models/edit.rb": [
        1,
        null
      ]
    },
    "timestamp": 1556585290
  }
}
