{
  "RSpec": {
    "coverage": {
      "/Users/antonio/Documents/CITRIS/lime/spec/controller/resources_controller_spec.rb": [
        1,
        1,
        null,
        1,
        1,
        1,
        1,
        1,
        1,
        1,
        1,
        1,
        null,
        null,
        null,
        1,
        1,
        1,
        1,
        null,
        1,
        1,
        null,
        null,
        null,
        null,
        1,
        null,
        1,
        1,
        1,
        1,
        null,
        null,
        null,
        null,
        1,
        1,
        1,
        1,
        1,
        1,
        null,
        null,
        null,
        1,
        1,
        1,
        1,
        null,
        null,
        null,
        1,
        1,
        1,
        1,
        null,
        null,
        null,
        1,
        1,
        1,
        null,
        1,
        1,
        1,
        1,
        null,
        null,
        1,
        1,
        null,
        null,
        1,
        1,
        null,
        null,
        1,
        1,
        null,
        1,
        1,
        1,
        1,
        null,
        null,
        1,
        1,
        null,
        null,
        null,
        null,
        1,
        1,
        null,
        1,
        1,
        null,
        null,
        1,
        1,
        null,
        null,
        1,
        1,
        null,
        null,
        1,
        1,
        null,
        null,
        1,
        1,
        null,
        null,
        1,
        1,
        null,
        1,
        1,
        null,
        null,
        1,
        1,
        null,
        null,
        null,
        1,
        1,
        6,
        6,
        null,
        null,
        6,
        null,
        null,
        6,
        null,
        null,
        6,
        6,
        null,
        null,
        1,
        null,
        1,
        1,
        1,
        null,
        null,
        1,
        null,
        1,
        1,
        null,
        null,
        1,
        null,
        1,
        1,
        1,
        1,
        1,
        null,
        null,
        null,
        1,
        null,
        1,
        1,
        1,
        1,
        1,
        1,
        1,
        3,
        null,
        null,
        null,
        1,
        null,
        1,
        1,
        null,
        null,
        1,
        null,
        1,
        1,
        null,
        null,
        null,
        null
      ],
      "/Users/antonio/Documents/CITRIS/lime/spec/rails_helper.rb": [
        null,
        1,
        1,
        1,
        null,
        null,
        1,
        null,
        1,
        1,
        null,
        1,
        1,
        null,
        null,
        null,
        null,
        null,
        null,
        null,
        null,
        null,
        null,
        null,
        null,
        null,
        null,
        null,
        null,
        null,
        null,
        null,
        null,
        1,
        null,
        0,
        0,
        null,
        1,
        null,
        1,
        null,
        null,
        1,
        null,
        null,
        null,
        null,
        1,
        null,
        null,
        null,
        null,
        null,
        null,
        null,
        null,
        null,
        null,
        null,
        null,
        null,
        null,
        1,
        null,
        null,
        1,
        null,
        null,
        null
      ],
      "/Users/antonio/Documents/CITRIS/lime/spec/support/factory_girl.rb": [
        1,
        null,
        1,
        1,
        null,
        null,
        null,
        1,
        1,
        null,
        1,
        1,
        null,
        null
      ],
      "/Users/antonio/Documents/CITRIS/lime/config/environment.rb": [
        null,
        1,
        null,
        1
      ],
      "/Users/antonio/Documents/CITRIS/lime/config/application.rb": [
        1,
        null,
        1,
        null,
        1,
        1,
        1,
        1,
        1,
        1,
        1,
        1,
        1,
        null,
        null,
        null,
        null,
        1,
        null,
        1,
        1,
        null,
        1,
        null,
        null,
        null,
        null,
        null,
        null,
        null,
        1,
        1,
        null,
        1,
        1,
        1,
        1,
        1,
        1,
        null,
        null,
        null,
        null,
        1,
        null,
        null,
        null,
        null
      ],
      "/Users/antonio/Documents/CITRIS/lime/config/boot.rb": [
        1,
        null,
        1,
        1
      ],
      "/Users/antonio/Documents/CITRIS/lime/config/environments/test.rb": [
        1,
        null,
        null,
        null,
        null,
        null,
        null,
        1,
        null,
        null,
        null,
        null,
        1,
        null,
        null,
        1,
        1,
        null,
        null,
        null,
        null,
        1,
        1,
        null,
        null,
        1,
        null,
        null,
        1,
        null,
        null,
        1,
        null,
        1,
        null,
        null,
        null,
        null,
        1,
        null,
        null,
        1,
        null,
        null,
        null,
        null
      ],
      "/Users/antonio/Documents/CITRIS/lime/config/initializers/application_controller_renderer.rb": [
        null,
        null,
        null,
        null,
        null,
        null,
        null,
        null
      ],
      "/Users/antonio/Documents/CITRIS/lime/config/initializers/assets.rb": [
        null,
        null,
        null,
        1,
        null,
        null,
        null,
        null,
        1,
        null,
        null,
        null,
        null,
        null
      ],
      "/Users/antonio/Documents/CITRIS/lime/config/initializers/backtrace_silencers.rb": [
        null,
        null,
        null,
        null,
        null,
        null,
        null
      ],
      "/Users/antonio/Documents/CITRIS/lime/config/initializers/content_security_policy.rb": [
        null,
        null,
        null,
        null,
        null,
        null,
        null,
        null,
        null,
        null,
        null,
        null,
        null,
        null,
        null,
        null,
        null,
        null,
        null,
        null,
        null,
        null,
        null,
        null,
        null
      ],
      "/Users/antonio/Documents/CITRIS/lime/config/initializers/cookies_serializer.rb": [
        null,
        null,
        null,
        null,
        1
      ],
      "/Users/antonio/Documents/CITRIS/lime/config/initializers/devise.rb": [
        null,
        null,
        null,
        null,
        1,
        null,
        null,
        null,
        null,
        null,
        null,
        null,
        null,
        null,
        null,
        null,
        null,
        null,
        null,
        null,
        1,
        null,
        null,
        null,
        null,
        null,
        null,
        null,
        null,
        null,
        null,
        null,
        1,
        null,
        null,
        null,
        null,
        null,
        null,
        null,
        null,
        null,
        null,
        null,
        null,
        null,
        null,
        null,
        null,
        null,
        null,
        null,
        null,
        null,
        1,
        null,
        null,
        null,
        null,
        1,
        null,
        null,
        null,
        null,
        null,
        null,
        null,
        null,
        null,
        null,
        null,
        null,
        null,
        null,
        null,
        null,
        null,
        null,
        null,
        null,
        null,
        null,
        null,
        null,
        null,
        null,
        null,
        null,
        null,
        null,
        1,
        null,
        null,
        null,
        null,
        null,
        null,
        null,
        null,
        null,
        null,
        null,
        null,
        null,
        null,
        null,
        null,
        null,
        null,
        null,
        null,
        null,
        null,
        1,
        null,
        null,
        null,
        null,
        null,
        null,
        null,
        null,
        null,
        null,
        null,
        null,
        null,
        null,
        null,
        null,
        null,
        null,
        null,
        null,
        null,
        null,
        null,
        null,
        null,
        null,
        null,
        null,
        null,
        null,
        null,
        null,
        null,
        1,
        null,
        null,
        null,
        null,
        null,
        null,
        null,
        null,
        null,
        1,
        null,
        null,
        null,
        null,
        null,
        null,
        null,
        null,
        null,
        null,
        1,
        null,
        null,
        null,
        null,
        1,
        null,
        null,
        null,
        null,
        null,
        null,
        null,
        null,
        null,
        null,
        null,
        null,
        null,
        null,
        null,
        null,
        null,
        null,
        null,
        null,
        null,
        null,
        null,
        null,
        null,
        null,
        null,
        null,
        null,
        null,
        null,
        null,
        null,
        null,
        null,
        null,
        null,
        null,
        null,
        null,
        1,
        null,
        null,
        null,
        null,
        null,
        null,
        null,
        null,
        null,
        null,
        null,
        null,
        null,
        null,
        null,
        null,
        null,
        null,
        null,
        1,
        null,
        null,
        null,
        null,
        null,
        null,
        null,
        null,
        null,
        null,
        null,
        null,
        null,
        null,
        null,
        null,
        null,
        null,
        null,
        null,
        null,
        1,
        null,
        null,
        null,
        null,
        null,
        null,
        null,
        null,
        null,
        null,
        null,
        null,
        null,
        null,
        null,
        null,
        null,
        null,
        null,
        null,
        null,
        null,
        null,
        null,
        null,
        null,
        null,
        null,
        null,
        null,
        null,
        null,
        null,
        null,
        null,
        null,
        null,
        null,
        null,
        null,
        null,
        null
      ],
      "/Users/antonio/Documents/CITRIS/lime/config/initializers/filter_parameter_logging.rb": [
        null,
        null,
        null,
        1
      ],
      "/Users/antonio/Documents/CITRIS/lime/config/initializers/inflections.rb": [
        null,
        null,
        null,
        null,
        null,
        null,
        null,
        null,
        null,
        null,
        null,
        null,
        null,
        null,
        null,
        null,
        null,
        1,
        1,
        1,
        1,
        null
      ],
      "/Users/antonio/Documents/CITRIS/lime/config/initializers/mime_types.rb": [
        null,
        null,
        null,
        null
      ],
      "/Users/antonio/Documents/CITRIS/lime/config/initializers/wrap_parameters.rb": [
        null,
        null,
        null,
        null,
        null,
        null,
        1,
        2,
        null,
        null,
        null,
        null,
        null,
        null
      ],
      "/Users/antonio/Documents/CITRIS/lime/config/routes.rb": [
        1,
        1,
        1,
        1,
        1,
        1,
        1,
        1,
        1,
        null,
        null,
        null,
        null,
        1,
        1,
        null,
        1,
        null,
        1,
        1,
        1,
        null,
        null,
        1,
        1,
        1,
        1,
        null,
        1,
        1,
        null,
        null
      ],
      "/Users/antonio/Documents/CITRIS/lime/app/models/user.rb": [
        1,
        null,
        null,
        1,
        null,
        null
      ],
      "/Users/antonio/Documents/CITRIS/lime/app/models/application_record.rb": [
        1,
        1,
        null
      ],
      "/Users/antonio/Documents/CITRIS/lime/app/helpers/application_helper.rb": [
        1,
        null
      ],
      "/Users/antonio/Documents/CITRIS/lime/app/helpers/bug_reports_helper.rb": [
        1,
        null
      ],
      "/Users/antonio/Documents/CITRIS/lime/app/helpers/bugreports_helper.rb": [
        1,
        null
      ],
      "/Users/antonio/Documents/CITRIS/lime/app/helpers/faq_helper.rb": [
        1,
        null
      ],
      "/Users/antonio/Documents/CITRIS/lime/app/helpers/welcome_helper.rb": [
        1,
        null
      ],
      "/Users/antonio/Documents/CITRIS/lime/app/controllers/resources_controller.rb": [
        1,
        1,
        1,
        15,
        null,
        null,
        null,
        null,
        null,
        null,
        null,
        null,
        null,
        null,
        null,
        1,
        null,
        1,
        null,
        4,
        null,
        null,
        null,
        null,
        null,
        null,
        null,
        null,
        null,
        null,
        null,
        null,
        null,
        null,
        null,
        null,
        null,
        null,
        null,
        1,
        2,
        2,
        5,
        null,
        2,
        2,
        2,
        null,
        null,
        null,
        null,
        null,
        null,
        null,
        null,
        null,
        null,
        null,
        null,
        null,
        null,
        null,
        null,
        null,
        null,
        null,
        2,
        null,
        null,
        null,
        2,
        2,
        0,
        null,
        0,
        null,
        2,
        null,
        2,
        null,
        2,
        2,
        2,
        18,
        18,
        144,
        6,
        null,
        null,
        18,
        null,
        null,
        2,
        null,
        2,
        2,
        null,
        2,
        0,
        0,
        null,
        null,
        2,
        null,
        2,
        null,
        2,
        2,
        null,
        null,
        null,
        null,
        null,
        1,
        1,
        1,
        1,
        1,
        1,
        null,
        null,
        1,
        0,
        null,
        null,
        1,
        1,
        1,
        2,
        1,
        null,
        null,
        null,
        1,
        1,
        1,
        1,
        1,
        null,
        null,
        1,
        null,
        null,
        2,
        2,
        2,
        null,
        null,
        null,
        2,
        4,
        null,
        1,
        null,
        1,
        1,
        0,
        0,
        null,
        null,
        0,
        null,
        null,
        1,
        null,
        null,
        1,
        1,
        1,
        1,
        1,
        null,
        1,
        1,
        2,
        null,
        null,
        null,
        1,
        8,
        8,
        0,
        0,
        null,
        null,
        8,
        8,
        null,
        null,
        8,
        1,
        7,
        5,
        5,
        5,
        null,
        2,
        2,
        null,
        null,
        null,
        3,
        5,
        3,
        1,
        1,
        null,
        null,
        null,
        null,
        null,
        null,
        null,
        1,
        3,
        0,
        null,
        3,
        3,
        90,
        12,
        12,
        12,
        12,
        null,
        null,
        12,
        null,
        null,
        3,
        null,
        null,
        1,
        0,
        0,
        0,
        0,
        0,
        null,
        0,
        0,
        0,
        0,
        null,
        0,
        null,
        null,
        null,
        null,
        null,
        null,
        null,
        null,
        null,
        null,
        null,
        null,
        null,
        null,
        null,
        null,
        null,
        null,
        null,
        null,
        null,
        null,
        null,
        null,
        null,
        null,
        null,
        null,
        null,
        0,
        0,
        0,
        0,
        0,
        null,
        null,
        null,
        null,
        null,
        0,
        0,
        null,
        null,
        null,
        1,
        6,
        6,
        6,
        1,
        1,
        5,
        1,
        1,
        11,
        1,
        1,
        null,
        3,
        3,
        0,
        0,
        0,
        null,
        null,
        3,
        null,
        null,
        3,
        6,
        3,
        0,
        0,
        null,
        null,
        null,
        null,
        1,
        0,
        0,
        0,
        0,
        null,
        0,
        null,
        null,
        0,
        0,
        0,
        0,
        null,
        null,
        0,
        0,
        0,
        null,
        null,
        0,
        0,
        0,
        0,
        0,
        null,
        null,
        null,
        null,
        null,
        1,
        0,
        0,
        0,
        0,
        null,
        0,
        null,
        0,
        0,
        0,
        0,
        null,
        null,
        0,
        0,
        null,
        0,
        0,
        0,
        0,
        0,
        null,
        null,
        null,
        null,
        1,
        3,
        3,
        1,
        3,
        3,
        null,
        1,
        null,
        2,
        null,
        3,
        null,
        null,
        1,
        1,
        1,
        1,
        1,
        null,
        null,
        0,
        0,
        0,
        0,
        0,
        0,
        0,
        null,
        null,
        null,
        null,
        1,
        0,
        0,
        0,
        null,
        null,
        1,
        0,
        0,
        0,
        0,
        0,
        0,
        null,
        0,
        null,
        null,
        0,
        0,
        0,
        null,
        null,
        1,
        0,
        0,
        0,
        0,
        0,
        null,
        null,
        1,
        0,
        0,
        0,
        0,
        0,
        null,
        null,
        1,
        0,
        0,
        0,
        null,
        0,
        null,
        null,
        0,
        0,
        0,
        0,
        0,
        0,
        null,
        null,
        null,
        null,
        null,
        1,
        1,
        1,
        1,
        null,
        0,
        null,
        null,
        0,
        0,
        0,
        0,
        0,
        0,
        0,
        0,
        null,
        null,
        null,
        null,
        1,
        0,
        0,
        0,
        null,
        0,
        null,
        null,
        0,
        0,
        0,
        0,
        0,
        0,
        0,
        null,
        null,
        null,
        null,
        1,
        0,
        0,
        0,
        null,
        0,
        null,
        null,
        0,
        0,
        0,
        0,
        0,
        0,
        0,
        null,
        null,
        null,
        null,
        1,
        1,
        22,
        9,
        null,
        13,
        null,
        22,
        null,
        null,
        1,
        3,
        3,
        0,
        0,
        null,
        6,
        null,
        null,
        null,
        1,
        6,
        6,
        5,
        null,
        6,
        null,
        null,
        1,
        2,
        2,
        null,
        2,
        2,
        4,
        2,
        2,
        2,
        null,
        null,
        2,
        null,
        null,
        null,
        null,
        null,
        null,
        null
      ],
      "/Users/antonio/Documents/CITRIS/lime/app/controllers/application_controller.rb": [
        1,
        null,
        1,
        null,
        null,
        null
      ],
      "/Users/antonio/Documents/CITRIS/lime/app/models/resource.rb": [
        1,
        1,
        1,
        1,
        1,
        1,
        1,
        1,
        1,
        1,
        1,
        1,
        null,
        1,
        1,
        null,
        1,
        0,
        null,
        null,
        1,
        null,
        11,
        null,
        null,
        null,
        null,
        null,
        null,
        null,
        null,
        null,
        null,
        null,
        null,
        1,
        9,
        6,
        8,
        4,
        9,
        null,
        null,
        null,
        1,
        1892,
        null,
        null,
        1,
        22,
        null,
        null,
        null,
        null,
        null,
        null,
        null,
        null,
        1,
        1,
        null,
        null,
        1,
        1,
        0,
        null,
        0,
        0,
        null,
        0,
        0,
        null,
        0,
        null,
        null,
        null,
        null,
        null,
        1,
        1,
        0,
        null,
        1,
        1,
        1,
        null,
        0,
        0,
        null,
        null,
        null,
        null,
        1,
        0,
        0,
        0,
        0,
        null,
        0,
        0,
        null,
        null,
        0,
        0,
        null,
        null,
        null,
        0,
        null,
        null,
        1,
        8,
        null,
        9,
        8,
        5,
        5,
        0,
        null,
        null,
        null,
        8,
        0,
        0,
        0,
        null,
        null,
        null,
        8,
        null,
        null,
        1,
        null,
        8,
        null,
        14,
        null,
        null,
        1,
        14,
        14,
        null,
        null,
        1,
        22,
        null,
        22,
        22,
        22,
        null,
        null,
        22,
        null,
        null,
        1,
        0,
        null,
        0,
        0,
        0,
        null,
        null,
        1,
        6,
        0,
        null,
        6,
        0,
        null,
        6,
        0,
        null,
        6,
        0,
        null,
        6,
        0,
        null,
        6,
        0,
        null,
        6,
        0,
        null,
        6,
        0,
        null,
        6,
        0,
        null,
        6,
        0,
        null,
        null,
        null,
        null,
        null,
        1,
        194,
        22,
        22,
        172,
        44,
        44,
        null,
        null,
        128,
        128,
        null,
        null,
        22,
        null,
        null,
        1,
        22,
        null,
        22,
        220,
        220,
        44,
        132,
        null,
        null,
        null,
        null,
        null,
        1,
        2,
        2,
        12,
        6,
        null,
        null,
        2,
        null,
        null,
        null,
        null,
        null,
        1,
        null,
        2,
        2,
        2,
        null,
        null,
        0,
        0,
        null,
        0,
        0,
        0,
        null,
        null,
        null,
        null,
        null,
        null,
        null,
        null,
        null,
        null,
        null,
        null,
        null,
        0,
        null,
        null,
        1,
        2,
        null,
        null,
        1,
        null,
        1,
        null,
        null,
        null,
        null,
        null,
        null,
        null,
        null,
        null,
        null,
        null,
        null,
        null,
        null,
        null,
        null,
        null,
        null,
        null,
        null,
        null,
        null,
        null,
        null,
        null,
        null,
        null,
        null,
        null,
        1,
        null,
        1,
        null,
        null,
        null,
        null,
        null,
        null,
        null,
        null,
        null,
        null,
        null,
        null,
        null,
        null,
        null,
        null,
        null,
        null,
        null,
        null,
        null,
        null,
        null,
        null
      ],
      "/Users/antonio/Documents/CITRIS/lime/app/models/type.rb": [
        1,
        1,
        null,
        1,
        4,
        null,
        null,
        null,
        null,
        null,
        null,
        1,
        28,
        null,
        null
      ],
      "/Users/antonio/Documents/CITRIS/lime/app/models/audience.rb": [
        1,
        1,
        null,
        1,
        4,
        null,
        null,
        null,
        null,
        null,
        null,
        1,
        22,
        null,
        null,
        null
      ],
      "/Users/antonio/Documents/CITRIS/lime/app/models/campus.rb": [
        1,
        1,
        null,
        1,
        4,
        null,
        null,
        1,
        8,
        null,
        null
      ],
      "/Users/antonio/Documents/CITRIS/lime/app/models/client_tag.rb": [
        1,
        1,
        null,
        1,
        4,
        null,
        null,
        1,
        8,
        null,
        null
      ],
      "/Users/antonio/Documents/CITRIS/lime/app/models/innovation_stage.rb": [
        1,
        1,
        null,
        1,
        4,
        null,
        null,
        1,
        10,
        null,
        null
      ],
      "/Users/antonio/Documents/CITRIS/lime/app/models/population_focus.rb": [
        1,
        1,
        null,
        1,
        4,
        null,
        null,
        null,
        1,
        16,
        null,
        null
      ],
      "/Users/antonio/Documents/CITRIS/lime/app/models/availability.rb": [
        1,
        1,
        null,
        1,
        4,
        null,
        null,
        1,
        12,
        null,
        null
      ],
      "/Users/antonio/Documents/CITRIS/lime/app/models/topic.rb": [
        1,
        1,
        null,
        1,
        4,
        null,
        null,
        null,
        null,
        null,
        null,
        1,
        28,
        null,
        null
      ],
      "/Users/antonio/Documents/CITRIS/lime/app/models/technology.rb": [
        1,
        1,
        null,
        1,
        4,
        null,
        null,
        1,
        12,
        null,
        null
      ],
      "/Users/antonio/Documents/CITRIS/lime/app/models/location.rb": [
        1,
        null,
        1,
        1,
        1,
        1,
        null,
        null,
        1,
        1,
        null,
        null,
        null,
        null,
        null,
        null,
        null,
        1,
        1,
        1,
        6,
        null,
        null,
        null,
        1,
        null,
        1,
        null,
        1,
        1,
        null,
        null,
        null,
        null,
        null,
        null,
        null,
        1,
        null,
        0,
        null,
        0,
        0,
        0,
        0,
        0,
        0,
        null,
        0,
        0,
        0,
        0,
        null,
        null,
        null,
        null,
        null,
        1,
        6,
        null,
        0,
        null,
        null,
        6,
        6,
        6,
        6,
        null,
        null,
        null,
        null,
        null,
        1,
        0,
        0,
        null,
        0,
        0,
        null,
        null,
        0,
        null,
        0,
        0,
        0,
        0,
        0,
        0,
        0,
        null,
        null,
        0,
        null,
        null,
        1,
        13,
        null,
        null,
        null,
        1,
        0,
        0,
        null,
        0,
        0,
        0,
        null,
        0,
        null,
        null,
        null,
        1,
        null,
        null,
        3,
        3,
        0,
        null,
        3,
        null,
        null,
        1,
        null,
        3,
        null,
        null,
        null,
        1,
        0,
        null,
        null
      ],
      "/Users/antonio/Documents/CITRIS/lime/app/models/college.rb": [
        1,
        1,
        null,
        1,
        0,
        null,
        null
      ],
      "/Users/antonio/Documents/CITRIS/lime/app/models/edit.rb": [
        1,
        null
      ]
    },
    "timestamp": 1564704011
  }
}
